<?xml version="1.0" encoding="UTF-8"?>
<!-- Generated by org.testng.reporters.JUnitReportReporter -->
<testsuite hostname="DESKTOP-J211HV5" failures="0" tests="2" name="com.Testng.Testngannotation" time="0.065" errors="0" timestamp="2021-12-22T14:12:21 IST" skipped="0">
  <testcase classname="com.Testng.Testngannotation" name="men" time="0.050"/>
  <system-out/>
  <testcase classname="com.Testng.Testngannotation" name="womens" time="0.015"/>
  <system-out/>
</testsuite> <!-- com.Testng.Testngannotation -->
