<?xml version="1.0" encoding="UTF-8"?>
<!-- Generated by org.testng.reporters.JUnitReportReporter -->
<testsuite hostname="DESKTOP-J211HV5" failures="0" tests="1" name="com.Testng.Parametarized_fearture" time="0.056" errors="0" timestamp="2021-12-23T17:46:14 IST" skipped="0">
  <testcase classname="com.Testng.Parametarized_fearture" name="Credentials" time="0.056"/>
  <system-out/>
</testsuite> <!-- com.Testng.Parametarized_fearture -->
