<?xml version="1.0" encoding="UTF-8"?>
<!-- Generated by org.testng.reporters.JUnitReportReporter -->
<testsuite hostname="DESKTOP-J211HV5" failures="0" tests="4" name="com.Testng.Groups" time="0.096" errors="0" timestamp="2021-12-22T18:37:59 IST" skipped="0">
  <testcase classname="com.Testng.Groups" name="google" time="0.012"/>
  <system-out/>
  <testcase classname="com.Testng.Groups" name="googlemaps" time="0.012"/>
  <system-out/>
  <testcase classname="com.Testng.Groups" name="facebook" time="0.008"/>
  <system-out/>
  <testcase classname="com.Testng.Groups" name="Whatsapp" time="0.064"/>
  <system-out/>
</testsuite> <!-- com.Testng.Groups -->
